<?xml version="1.0" encoding="UTF-8"?>
<testsuite name="com.ddf.DdfBackendApplicationTests" tests="1" skipped="0" failures="0" errors="0" timestamp="2022-12-29T11:40:34" hostname="Rushikeshs-MacBook-Pro.local" time="0.513">
  <properties/>
  <testcase name="contextLoads()" classname="com.ddf.DdfBackendApplicationTests" time="0.513"/>
  <system-out><![CDATA[17:10:26.548 [Test worker] DEBUG org.springframework.boot.test.context.SpringBootTestContextBootstrapper - Neither @ContextConfiguration nor @ContextHierarchy found for test class [DdfBackendApplicationTests]: using SpringBootContextLoader
17:10:26.560 [Test worker] DEBUG org.springframework.test.context.support.AbstractContextLoader - Could not detect default resource locations for test class [com.ddf.DdfBackendApplicationTests]: no resource found for suffixes {-context.xml, Context.groovy}.
17:10:26.565 [Test worker] INFO org.springframework.test.context.support.AnnotationConfigContextLoaderUtils - Could not detect default configuration classes for test class [com.ddf.DdfBackendApplicationTests]: DdfBackendApplicationTests does not declare any static, non-private, non-final, nested classes annotated with @Configuration.
17:10:26.612 [Test worker] DEBUG org.springframework.boot.test.context.SpringBootTestContextBootstrapper - Using ContextCustomizers for test class [DdfBackendApplicationTests]: [DisableObservabilityContextCustomizer, PropertyMappingContextCustomizer, Customizer, ExcludeFilterContextCustomizer, DuplicateJsonObjectContextCustomizer, MockitoContextCustomizer, TestRestTemplateContextCustomizer]
17:10:26.779 [Test worker] DEBUG org.springframework.context.annotation.ClassPathScanningCandidateComponentProvider - Identified candidate component class: file [/Applications/Virtue-Veda/ddf/ddf-backend/build/classes/java/main/com/ddf/DdfBackendApplication.class]
17:10:26.787 [Test worker] INFO org.springframework.boot.test.context.SpringBootTestContextBootstrapper - Found @SpringBootConfiguration com.ddf.DdfBackendApplication for test class com.ddf.DdfBackendApplicationTests
17:10:26.918 [Test worker] DEBUG org.springframework.boot.test.context.SpringBootTestContextBootstrapper - Using TestExecutionListeners for test class [DdfBackendApplicationTests]: [ServletTestExecutionListener, DirtiesContextBeforeModesTestExecutionListener, ApplicationEventsTestExecutionListener, MockitoTestExecutionListener, DependencyInjectionTestExecutionListener, DirtiesContextTestExecutionListener, TransactionalTestExecutionListener, SqlScriptsTestExecutionListener, WithSecurityContextTestExecutionListener, EventPublishingTestExecutionListener, ReactorContextTestExecutionListener, RestDocsTestExecutionListener, MockRestServiceServerResetTestExecutionListener, MockMvcPrintOnlyOnFailureTestExecutionListener, WebDriverTestExecutionListener, MockWebServiceServerTestExecutionListener, ResetMocksTestExecutionListener]
17:10:26.920 [Test worker] DEBUG org.springframework.test.context.support.AbstractDirtiesContextTestExecutionListener - Before test class: class [DdfBackendApplicationTests], class annotated with @DirtiesContext [false] with mode [null]

  .   ____          _            __ _ _
 /\\ / ___'_ __ _ _(_)_ __  __ _ \ \ \ \
( ( )\___ | '_ | '_| | '_ \/ _` | \ \ \ \
 \\/  ___)| |_)| | | | | || (_| |  ) ) ) )
  '  |____| .__|_| |_|_| |_\__, | / / / /
 =========|_|==============|___/=/_/_/_/
 :: Spring Boot ::                (v3.0.1)

2022-12-29T17:10:27.656+05:30  INFO 14753 --- [    Test worker] com.ddf.DdfBackendApplicationTests       : Starting DdfBackendApplicationTests using Java 17.0.3.1 with PID 14753 (started by rushikeshkarkhanis in /Applications/Virtue-Veda/ddf/ddf-backend)
2022-12-29T17:10:27.662+05:30  INFO 14753 --- [    Test worker] com.ddf.DdfBackendApplicationTests       : No active profile set, falling back to 1 default profile: "default"
2022-12-29T17:10:29.115+05:30  INFO 14753 --- [    Test worker] .s.d.r.c.RepositoryConfigurationDelegate : Bootstrapping Spring Data JPA repositories in DEFAULT mode.
2022-12-29T17:10:29.212+05:30  INFO 14753 --- [    Test worker] .s.d.r.c.RepositoryConfigurationDelegate : Finished Spring Data repository scanning in 89 ms. Found 1 JPA repository interfaces.
2022-12-29T17:10:30.354+05:30  INFO 14753 --- [    Test worker] o.hibernate.jpa.internal.util.LogHelper  : HHH000204: Processing PersistenceUnitInfo [name: default]
2022-12-29T17:10:30.410+05:30  INFO 14753 --- [    Test worker] org.hibernate.Version                    : HHH000412: Hibernate ORM core version 6.1.6.Final
2022-12-29T17:10:30.640+05:30  WARN 14753 --- [    Test worker] org.hibernate.orm.deprecation            : HHH90000021: Encountered deprecated setting [javax.persistence.sharedCache.mode], use [jakarta.persistence.sharedCache.mode] instead
2022-12-29T17:10:30.857+05:30  INFO 14753 --- [    Test worker] com.zaxxer.hikari.HikariDataSource       : HikariPool-1 - Starting...
2022-12-29T17:10:31.357+05:30  INFO 14753 --- [    Test worker] com.zaxxer.hikari.pool.HikariPool        : HikariPool-1 - Added connection org.postgresql.jdbc.PgConnection@11d2714a
2022-12-29T17:10:31.363+05:30  INFO 14753 --- [    Test worker] com.zaxxer.hikari.HikariDataSource       : HikariPool-1 - Start completed.
2022-12-29T17:10:31.398+05:30  INFO 14753 --- [    Test worker] SQL dialect                              : HHH000400: Using dialect: org.hibernate.dialect.PostgreSQLDialect
Hibernate: drop table if exists ddfuser cascade
2022-12-29T17:10:32.242+05:30  WARN 14753 --- [    Test worker] o.h.engine.jdbc.spi.SqlExceptionHelper   : SQL Warning Code: 0, SQLState: 00000
2022-12-29T17:10:32.243+05:30  WARN 14753 --- [    Test worker] o.h.engine.jdbc.spi.SqlExceptionHelper   : table "ddfuser" does not exist, skipping
Hibernate: drop sequence if exists ddfuser_seq
2022-12-29T17:10:32.244+05:30  WARN 14753 --- [    Test worker] o.h.engine.jdbc.spi.SqlExceptionHelper   : SQL Warning Code: 0, SQLState: 00000
2022-12-29T17:10:32.244+05:30  WARN 14753 --- [    Test worker] o.h.engine.jdbc.spi.SqlExceptionHelper   : sequence "ddfuser_seq" does not exist, skipping
Hibernate: create sequence ddfuser_seq start with 1 increment by 50
Hibernate: create table ddfuser (id bigint not null, authorities varchar(255) array, email varchar(255), first_name varchar(255), is_active boolean not null, is_not_locked boolean not null, join_date timestamp(6), last_login_date timestamp(6), last_login_date_display timestamp(6), last_name varchar(255), password varchar(255), profile_image_url varchar(255), role varchar(255), user_id varchar(255), username varchar(255), primary key (id))
2022-12-29T17:10:32.289+05:30  INFO 14753 --- [    Test worker] o.h.e.t.j.p.i.JtaPlatformInitiator       : HHH000490: Using JtaPlatform implementation: [org.hibernate.engine.transaction.jta.platform.internal.NoJtaPlatform]
2022-12-29T17:10:32.297+05:30  INFO 14753 --- [    Test worker] j.LocalContainerEntityManagerFactoryBean : Initialized JPA EntityManagerFactory for persistence unit 'default'
2022-12-29T17:10:33.090+05:30  WARN 14753 --- [    Test worker] JpaBaseConfiguration$JpaWebConfiguration : spring.jpa.open-in-view is enabled by default. Therefore, database queries may be performed during view rendering. Explicitly configure spring.jpa.open-in-view to disable this warning
2022-12-29T17:10:33.468+05:30  INFO 14753 --- [    Test worker] o.s.s.web.DefaultSecurityFilterChain     : Will secure any request with [org.springframework.security.web.session.DisableEncodeUrlFilter@6a26eee6, org.springframework.security.web.context.request.async.WebAsyncManagerIntegrationFilter@4be1c797, org.springframework.security.web.context.SecurityContextHolderFilter@6e466fdf, org.springframework.security.web.header.HeaderWriterFilter@238a7e3d, org.springframework.web.filter.CorsFilter@15405ba1, org.springframework.security.web.authentication.logout.LogoutFilter@13bf5fd, com.ddf.filter.JwtAuthorizationFilter@2f112ade, org.springframework.security.web.savedrequest.RequestCacheAwareFilter@4fea9f19, org.springframework.security.web.servletapi.SecurityContextHolderAwareRequestFilter@b666366, org.springframework.security.web.authentication.AnonymousAuthenticationFilter@76bdfc19, org.springframework.security.web.session.SessionManagementFilter@5857d723, org.springframework.security.web.access.ExceptionTranslationFilter@30a4a111, org.springframework.security.web.access.intercept.AuthorizationFilter@2a317af7]
2022-12-29T17:10:34.038+05:30  INFO 14753 --- [    Test worker] com.ddf.DdfBackendApplicationTests       : Started DdfBackendApplicationTests in 7.037 seconds (process running for 9.148)
]]></system-out>
  <system-err><![CDATA[]]></system-err>
</testsuite>
